[main] INFO  com.airasia.pages.LandingPage  - Selected From city as Kuala Lumpur
[main] INFO  com.airasia.pages.LandingPage  - Selected To city as Chennai
[main] INFO  com.airasia.pages.LandingPage  - Selected Depart date date as 19/07/2020
[main] INFO  com.airasia.pages.LandingPage  - Selected Return date date as 22/07/2020
[main] INFO  com.airasia.pages.LandingPage  - Searching flights...
[main] INFO  com.airasia.pages.LoginPage  - Entered Email ID
[main] INFO  com.airasia.pages.LoginPage  - Entered Password
[main] INFO  com.airasia.pages.LandingPage  - Account Name Verified as Signin
[main] INFO  com.airasia.pages.LandingPage  - Logout is successful
[main] INFO  com.airasia.pages.LandingPage  - Selected From city as Kuala Lumpur
[main] INFO  com.airasia.pages.LandingPage  - Selected To city as Chennai
[main] INFO  com.airasia.pages.LandingPage  - Selected Depart date date as 19/07/2020
[main] INFO  com.airasia.pages.LandingPage  - Selected Return date date as 22/07/2020
[main] INFO  com.airasia.pages.LandingPage  - Searching flights...
[main] INFO  com.airasia.pages.LoginPage  - Entered Email ID
[main] INFO  com.airasia.pages.LoginPage  - Entered Password
[main] INFO  com.airasia.pages.LandingPage  - Account Name Verified as Signin
[main] INFO  com.airasia.pages.LandingPage  - Logout is successful
[main] ERROR com.airasia.framework.base.DriverManager  - Browser is not found with specified name
[main] ERROR com.airasia.framework.base.DriverManager  - Browser is not found with specified name
[main] INFO  com.airasia.pages.LandingPage  - Selected From city as Kuala Lumpur
[main] INFO  com.airasia.pages.LandingPage  - Selected To city as Chennai
[main] INFO  com.airasia.pages.LandingPage  - Selected Depart date date as 19/07/2020
[main] INFO  com.airasia.pages.LandingPage  - Selected Return date date as 22/07/2020
[main] INFO  com.airasia.pages.LandingPage  - Searching flights...
[main] INFO  com.airasia.pages.LoginPage  - Entered Email ID
[main] INFO  com.airasia.pages.LoginPage  - Entered Password
[main] INFO  com.airasia.pages.LandingPage  - Account Name Verified as Signin
[main] INFO  com.airasia.pages.LandingPage  - Logout is successful
[main] INFO  com.airasia.pages.LandingPage  - Selected From city as Kuala Lumpur
[main] INFO  com.airasia.pages.LandingPage  - Selected To city as Chennai
[main] INFO  com.airasia.pages.LandingPage  - Selected Depart date date as 19/07/2020
[main] INFO  com.airasia.pages.LandingPage  - Selected Return date date as 22/07/2020
[main] INFO  com.airasia.pages.LandingPage  - Searching flights...
[main] INFO  com.airasia.pages.LoginPage  - Entered Email ID
[main] INFO  com.airasia.pages.LoginPage  - Entered Password
[main] INFO  com.airasia.pages.LandingPage  - Account Name Verified as Signin
[main] INFO  com.airasia.pages.LandingPage  - Logout is successful
[main] INFO  com.airasia.pages.LandingPage  - Selected From city as Kuala Lumpur
[main] INFO  com.airasia.pages.LandingPage  - Selected To city as Chennai
[main] INFO  com.airasia.pages.LandingPage  - Selected Depart date date as 19/07/2020
[main] INFO  com.airasia.pages.LandingPage  - Selected Return date date as 22/07/2020
[main] INFO  com.airasia.pages.LandingPage  - Searching flights...
[main] INFO  com.airasia.pages.LoginPage  - Entered Email ID
[main] INFO  com.airasia.pages.LoginPage  - Entered Password
[main] INFO  com.airasia.pages.LandingPage  - Account Name Verified as Signin
[main] INFO  com.airasia.pages.LandingPage  - Logout is successful
[main] INFO  com.airasia.pages.LandingPage  - Selected From city as Kuala Lumpur
[main] INFO  com.airasia.pages.LandingPage  - Selected To city as Chennai
[main] INFO  com.airasia.pages.LandingPage  - Selected Depart date date as 19/07/2020
[main] INFO  com.airasia.pages.LandingPage  - Selected Return date date as 22/07/2020
[main] INFO  com.airasia.pages.LandingPage  - Searching flights...
[main] INFO  com.airasia.pages.LoginPage  - Entered Email ID
[main] INFO  com.airasia.pages.LoginPage  - Entered Password
[main] INFO  com.airasia.pages.LandingPage  - Account Name Verified as Signin
[main] INFO  com.airasia.pages.LandingPage  - Logout is successful
[main] INFO  com.airasia.pages.LandingPage  - Selected From city as Kuala Lumpur
[main] INFO  com.airasia.pages.LandingPage  - Selected To city as Chennai
[main] INFO  com.airasia.pages.LandingPage  - Selected Depart date date as 19/07/2020
[main] INFO  com.airasia.pages.LandingPage  - Selected Return date date as 22/07/2020
[main] INFO  com.airasia.pages.LandingPage  - Searching flights...
[main] INFO  com.airasia.pages.LoginPage  - Entered Email ID
[main] INFO  com.airasia.pages.LoginPage  - Entered Password
[main] INFO  com.airasia.pages.LandingPage  - Account Name Verified as Signin
[main] INFO  com.airasia.pages.LandingPage  - Logout is successful
[main] INFO  com.airasia.pages.LandingPage  - Selected From city as Kuala Lumpur
[main] INFO  com.airasia.pages.LandingPage  - Selected To city as Chennai
[main] INFO  com.airasia.pages.LandingPage  - Selected Depart date date as 19/07/2020
[main] INFO  com.airasia.pages.LandingPage  - Selected Return date date as 22/07/2020
[main] INFO  com.airasia.pages.LandingPage  - Searching flights...
[main] INFO  com.airasia.pages.LoginPage  - Entered Email ID
[main] INFO  com.airasia.pages.LoginPage  - Entered Password
[main] INFO  com.airasia.pages.LandingPage  - Account Name Verified as Signin
[main] INFO  com.airasia.pages.LandingPage  - Logout is successful
[main] ERROR com.airasia.framework.utilities.UtilityMethods  - org.openqa.selenium.NoSuchElementException: no such element: Unable to locate element: {"method":"xpath","selector":"//*[@id='my-react']//span[text()='Kuala Lumpur']/../..//div[text()='KUL']"}
  (Session info: chrome=83.0.4103.106)
For documentation on this error, please visit: https://www.seleniumhq.org/exceptions/no_such_element.html
Build info: version: '3.141.59', revision: 'e82be7d358', time: '2018-11-14T08:17:03'
System info: host: 'SIVAKUKA01', ip: '10.78.132.97', os.name: 'Windows 10', os.arch: 'x86', os.version: '10.0', java.version: '1.8.0_231'
Driver info: org.openqa.selenium.chrome.ChromeDriver
Capabilities {acceptInsecureCerts: true, browserName: chrome, browserVersion: 83.0.4103.106, chrome: {chromedriverVersion: 83.0.4103.39 (ccbf011cb2d2b..., userDataDir: C:\Users\sivakuka\AppData\L...}, goog:chromeOptions: {debuggerAddress: localhost:2215}, javascriptEnabled: true, networkConnectionEnabled: false, pageLoadStrategy: normal, platform: WINDOWS, platformName: WINDOWS, proxy: Proxy(), setWindowRect: true, strictFileInteractability: false, timeouts: {implicit: 0, pageLoad: 300000, script: 30000}, unhandledPromptBehavior: dismiss and notify, webauthn:virtualAuthenticators: true}
Session ID: 280104990ec7b310c4078cf08651f733
*** Element info: {Using=xpath, value=//*[@id='my-react']//span[text()='Kuala Lumpur']/../..//div[text()='KUL']}
[main] INFO  com.airasia.pages.LoginPage  - Entered Email ID
[main] INFO  com.airasia.pages.LoginPage  - Entered Password
[main] INFO  com.airasia.pages.LandingPage  - Account Name Verified as Signin
[main] INFO  com.airasia.pages.LandingPage  - Logout is successful
[main] INFO  com.airasia.pages.LandingPage  - Selected From city as Kuala Lumpur
[main] INFO  com.airasia.pages.LandingPage  - Selected To city as Chennai
[main] INFO  com.airasia.pages.LandingPage  - Selected Depart date date as 19/07/2020
[main] INFO  com.airasia.pages.LandingPage  - Selected Return date date as 22/07/2020
[main] INFO  com.airasia.pages.LandingPage  - Searching flights...
[main] INFO  com.airasia.pages.LoginPage  - Entered Email ID
[main] INFO  com.airasia.pages.LoginPage  - Entered Password
[main] INFO  com.airasia.pages.LandingPage  - Account Name Verified as Signin
[main] INFO  com.airasia.pages.LandingPage  - Logout is successful
[main] INFO  com.airasia.pages.LandingPage  - Selected From city as Kuala Lumpur
[main] INFO  com.airasia.pages.LandingPage  - Selected To city as Chennai
[main] INFO  com.airasia.pages.LandingPage  - Selected Depart date date as 19/07/2020
[main] INFO  com.airasia.pages.LandingPage  - Selected Return date date as 22/07/2020
[main] INFO  com.airasia.pages.LandingPage  - Searching flights...
[main] INFO  com.airasia.pages.LoginPage  - Entered Email ID
[main] INFO  com.airasia.pages.LoginPage  - Entered Password
[main] INFO  com.airasia.pages.LandingPage  - Account Name Verified as Signin
[main] INFO  com.airasia.pages.LandingPage  - Logout is successful
[main] INFO  com.airasia.pages.LandingPage  - Selected From city as Kuala Lumpur
[main] INFO  com.airasia.pages.LandingPage  - Selected To city as Chennai
[main] INFO  com.airasia.pages.LandingPage  - Selected Depart date date as 19/07/2020
[main] INFO  com.airasia.pages.LandingPage  - Selected Return date date as 22/07/2020
[main] INFO  com.airasia.pages.LandingPage  - Searching flights...
[main] INFO  com.airasia.pages.LoginPage  - Entered Email ID
[main] INFO  com.airasia.pages.LoginPage  - Entered Password
[main] INFO  com.airasia.pages.LandingPage  - Account Name Verified as Signin
[main] INFO  com.airasia.pages.LandingPage  - Logout is successful
[main] INFO  com.airasia.pages.LandingPage  - Selected From city as Kuala Lumpur
[main] INFO  com.airasia.pages.LandingPage  - Selected To city as Chennai
[main] INFO  com.airasia.pages.LandingPage  - Selected Depart date date as 19/07/2020
[main] INFO  com.airasia.pages.LandingPage  - Selected Return date date as 22/07/2020
[main] INFO  com.airasia.pages.LandingPage  - Searching flights...
[main] INFO  com.airasia.pages.LoginPage  - Entered Email ID
[main] INFO  com.airasia.pages.LoginPage  - Entered Password
[main] INFO  com.airasia.pages.LandingPage  - Account Name Verified as Signin
[main] INFO  com.airasia.pages.LandingPage  - Logout is successful
[main] INFO  com.airasia.pages.LandingPage  - Selected From city as Kuala Lumpur
[main] INFO  com.airasia.pages.LandingPage  - Selected To city as Chennai
[main] INFO  com.airasia.pages.LandingPage  - Selected Depart date date as 19/07/2020
[main] INFO  com.airasia.pages.LandingPage  - Selected Return date date as 22/07/2020
[main] INFO  com.airasia.pages.LandingPage  - Searching flights...
[main] INFO  com.airasia.pages.LoginPage  - Entered Email ID
[main] INFO  com.airasia.pages.LoginPage  - Entered Password
[main] INFO  com.airasia.pages.LandingPage  - Account Name Verified as Signin
[main] INFO  com.airasia.pages.LandingPage  - Logout is successful
[main] INFO  com.airasia.pages.LandingPage  - Selected From city as Kuala Lumpur
[main] INFO  com.airasia.pages.LandingPage  - Selected To city as Chennai
[main] INFO  com.airasia.pages.LandingPage  - Selected Depart date date as 19/07/2020
[main] INFO  com.airasia.pages.LandingPage  - Selected Return date date as 22/07/2020
[main] INFO  com.airasia.pages.LandingPage  - Searching flights...
[main] INFO  com.airasia.pages.LoginPage  - Entered Email ID
[main] INFO  com.airasia.pages.LoginPage  - Entered Password
[main] INFO  com.airasia.pages.LandingPage  - Account Name Verified as Signin
[main] INFO  com.airasia.pages.LandingPage  - Logout is successful
[main] INFO  com.airasia.pages.LandingPage  - Selected From city as Kuala Lumpur
[main] INFO  com.airasia.pages.LandingPage  - Selected To city as Chennai
[main] INFO  com.airasia.pages.LandingPage  - Selected Depart date date as 19/07/2020
[main] INFO  com.airasia.pages.LandingPage  - Selected Return date date as 22/07/2020
[main] INFO  com.airasia.pages.LandingPage  - Searching flights...
[main] INFO  com.airasia.pages.FlightSelectionPage  - Search results are loaded - Test Passed
[main] INFO  com.airasia.pages.FlightSelectionPage  - Search results are loaded - Test Passed
[main] INFO  com.airasia.pages.LoginPage  - Entered Email ID
[main] INFO  com.airasia.pages.LoginPage  - Entered Password
[main] INFO  com.airasia.pages.LandingPage  - Account Name Verified as Signin
[main] INFO  com.airasia.pages.LandingPage  - Logout is successful - Test Passed
[main] INFO  com.airasia.pages.LandingPage  - Selected From city as Kuala Lumpur
[main] INFO  com.airasia.pages.LandingPage  - Selected To city as Chennai
[main] INFO  com.airasia.pages.LandingPage  - Selected Depart date date as 19/07/2020
[main] INFO  com.airasia.pages.LandingPage  - Selected Return date date as 22/07/2020
[main] INFO  com.airasia.pages.LandingPage  - Searching flights...
[main] INFO  com.airasia.pages.FlightSelectionPage  - Search results are loaded - Test Passed
[main] INFO  com.airasia.pages.FlightSelectionPage  - Search results are loaded - Test Passed
[main] INFO  com.airasia.pages.LoginPage  - Entered Email ID
[main] INFO  com.airasia.pages.LoginPage  - Entered Password
[main] INFO  com.airasia.pages.LandingPage  - Account Name Verified as Signin
[main] INFO  com.airasia.pages.LandingPage  - Logout is successful - Test Passed
[main] INFO  com.airasia.pages.LandingPage  - Selected From city as Kuala Lumpur
[main] INFO  com.airasia.pages.LandingPage  - Selected To city as Chennai
[main] INFO  com.airasia.pages.LandingPage  - Selected Depart date date as 19/07/2020
[main] INFO  com.airasia.pages.LandingPage  - Selected Return date date as 22/07/2020
[main] INFO  com.airasia.pages.LandingPage  - Searching flights...
[main] INFO  com.airasia.pages.FlightSelectionPage  - Departflight results are loaded
[main] INFO  com.airasia.pages.FlightSelectionPage  - Returnflight results are loaded
[main] INFO  com.airasia.pages.LoginPage  - Entered Email ID
[main] INFO  com.airasia.pages.LoginPage  - Entered Password
[main] INFO  com.airasia.pages.LandingPage  - Account Name Verified as Signin
[main] INFO  com.airasia.pages.LandingPage  - Logout is successful - Test Passed
[main] INFO  com.airasia.pages.LandingPage  - Selected From city as Kuala Lumpur
[main] INFO  com.airasia.pages.LandingPage  - Selected To city as Chennai
[main] INFO  com.airasia.pages.LandingPage  - Selected Depart date date as 19/07/2020
[main] INFO  com.airasia.pages.LandingPage  - Selected Return date date as 22/07/2020
[main] INFO  com.airasia.pages.LandingPage  - Searching flights...
[main] INFO  com.airasia.pages.FlightSelectionPage  - Depart flight results are loaded
[main] INFO  com.airasia.pages.FlightSelectionPage  - Return flight results are loaded
[main] INFO  com.airasia.pages.LoginPage  - Entered Email ID
[main] INFO  com.airasia.pages.LoginPage  - Entered Password
[main] INFO  com.airasia.pages.LandingPage  - Account Name Verified as Signin
[main] INFO  com.airasia.pages.LandingPage  - Logout is successful - Test Passed
[main] INFO  com.airasia.pages.LandingPage  - Selected From city as Kuala Lumpur
[main] INFO  com.airasia.pages.LandingPage  - Selected To city as Chennai
[main] INFO  com.airasia.pages.LandingPage  - Selected Depart date date as 19/07/2020
[main] INFO  com.airasia.pages.LandingPage  - Selected Return date date as 22/07/2020
[main] INFO  com.airasia.pages.LandingPage  - Searching flights...
[main] INFO  com.airasia.pages.FlightSelectionPage  - Depart flight results are loaded
[main] INFO  com.airasia.pages.FlightSelectionPage  - Return flight results are loaded
[main] INFO  com.airasia.pages.LoginPage  - Entered Email ID
[main] INFO  com.airasia.pages.LoginPage  - Entered Password
[main] INFO  com.airasia.pages.LandingPage  - Account Name Verified as Signin
[main] INFO  com.airasia.pages.LandingPage  - Logout is successful - Test Passed
[main] INFO  com.airasia.pages.LandingPage  - Selected From city as Kuala Lumpur
[main] INFO  com.airasia.pages.LandingPage  - Selected To city as Chennai
[main] INFO  com.airasia.pages.LandingPage  - Selected Depart date date as 19/07/2020
[main] INFO  com.airasia.pages.LandingPage  - Selected Return date date as 22/07/2020
[main] INFO  com.airasia.pages.LandingPage  - Searching flights...
[main] INFO  com.airasia.pages.FlightSelectionPage  - Depart flight results are loaded
[main] INFO  com.airasia.pages.FlightSelectionPage  - Return flight results are loaded
[main] INFO  com.airasia.pages.LandingPage  - Selected From city as Kuala Lumpur
[main] INFO  com.airasia.pages.LandingPage  - Selected To city as Chennai
[main] INFO  com.airasia.pages.LandingPage  - Selected Depart date date as 19/07/2020
[main] INFO  com.airasia.pages.LandingPage  - Selected Return date date as 22/07/2020
[main] INFO  com.airasia.pages.LandingPage  - Searching flights...
[main] INFO  com.airasia.pages.FlightSelectionPage  - Depart flight results are loaded
[main] INFO  com.airasia.pages.FlightSelectionPage  - Return flight results are loaded
[main] INFO  com.airasia.pages.LoginPage  - Entered Email ID
[main] INFO  com.airasia.pages.LoginPage  - Entered Password
[main] INFO  com.airasia.pages.LandingPage  - Account Name Verified as Signin
[main] INFO  com.airasia.pages.LandingPage  - Logout is successful - Test Passed
[main] INFO  com.airasia.pages.LandingPage  - Selected From city as Kuala Lumpur
[main] INFO  com.airasia.pages.LandingPage  - Selected To city as Chennai
[main] INFO  com.airasia.pages.LandingPage  - Selected Depart date date as 19/07/2020
[main] INFO  com.airasia.pages.LandingPage  - Selected Return date date as 22/07/2020
[main] INFO  com.airasia.pages.LandingPage  - Searching flights...
[main] INFO  com.airasia.pages.FlightSelectionPage  - Depart flight results are loaded
[main] INFO  com.airasia.pages.FlightSelectionPage  - Return flight results are loaded
[main] INFO  com.airasia.pages.LoginPage  - Entered Email ID
[main] INFO  com.airasia.pages.LoginPage  - Entered Password
[main] INFO  com.airasia.pages.LandingPage  - Account Name Verified as Signin
[main] INFO  com.airasia.pages.LandingPage  - Logout is successful - Test Passed
[main] INFO  com.airasia.pages.LandingPage  - Selected From city as Kuala Lumpur
[main] INFO  com.airasia.pages.LandingPage  - Selected To city as Chennai
[main] INFO  com.airasia.pages.LandingPage  - Selected Depart date date as 19/07/2020
[main] INFO  com.airasia.pages.LandingPage  - Selected Return date date as 22/07/2020
[main] INFO  com.airasia.pages.LandingPage  - Searching flights...
[main] INFO  com.airasia.pages.FlightSelectionPage  - Depart flight results are loaded
[main] INFO  com.airasia.pages.FlightSelectionPage  - Return flight results are loaded
[main] INFO  com.airasia.pages.LoginPage  - Entered Email ID
[main] INFO  com.airasia.pages.LoginPage  - Entered Password
[main] INFO  com.airasia.pages.LandingPage  - Account Name Verified as Signin
[main] INFO  com.airasia.pages.LandingPage  - Logout is successful - Test Passed
[main] INFO  com.airasia.pages.LandingPage  - Selected From city as Kuala Lumpur
[main] INFO  com.airasia.pages.LandingPage  - Selected To city as Chennai
[main] INFO  com.airasia.pages.LandingPage  - Selected Depart date date as 19/07/2020
[main] INFO  com.airasia.pages.LandingPage  - Selected Return date date as 22/07/2020
[main] INFO  com.airasia.pages.LandingPage  - Selected From city as Kuala Lumpur
[main] INFO  com.airasia.pages.LandingPage  - Selected To city as Chennai
[main] INFO  com.airasia.pages.LandingPage  - Selected Depart date date as 19/07/2020
[main] INFO  com.airasia.pages.LandingPage  - Selected Return date date as 22/07/2020
[main] INFO  com.airasia.pages.LandingPage  - Selected From city as Kuala Lumpur
[main] INFO  com.airasia.pages.LandingPage  - Selected To city as Chennai
[main] INFO  com.airasia.pages.LandingPage  - Selected Depart date date as 19/07/2020
[main] INFO  com.airasia.pages.LandingPage  - Selected Return date date as 22/07/2020
[main] INFO  com.airasia.pages.LandingPage  - Selected From city as Kuala Lumpur
[main] INFO  com.airasia.pages.LandingPage  - Selected To city as Chennai
[main] INFO  com.airasia.pages.LandingPage  - Selected Depart date date as 19/07/2020
[main] INFO  com.airasia.pages.LandingPage  - Selected Return date date as 22/07/2020
[main] INFO  com.airasia.pages.LandingPage  - Searching flights...
[main] INFO  com.airasia.pages.FlightSelectionPage  - Depart flight results are loaded
[main] INFO  com.airasia.pages.FlightSelectionPage  - Return flight results are loaded
[main] INFO  com.airasia.pages.LoginPage  - Entered Email ID
[main] INFO  com.airasia.pages.LoginPage  - Entered Password
[main] INFO  com.airasia.pages.LandingPage  - Account Name Verified as Signin
[main] INFO  com.airasia.pages.LandingPage  - Logout is successful - Test Passed
[main] INFO  com.airasia.pages.LandingPage  - Selected From city as Kuala Lumpur
[main] INFO  com.airasia.pages.LandingPage  - Selected To city as Chennai
[main] INFO  com.airasia.pages.LandingPage  - Selected Depart date date as 19/07/2020
[main] INFO  com.airasia.pages.LandingPage  - Selected Return date date as 22/07/2020
[main] INFO  com.airasia.pages.LandingPage  - Selected From city as Kuala Lumpur
[main] INFO  com.airasia.pages.LandingPage  - Selected To city as Chennai
[main] INFO  com.airasia.pages.LandingPage  - Selected Depart date date as 19/07/2020
[main] INFO  com.airasia.pages.LandingPage  - Selected Return date date as 22/07/2020
[main] INFO  com.airasia.pages.LandingPage  - Searching flights...
[main] INFO  com.airasia.pages.FlightSelectionPage  - Depart flight results are loaded
[main] INFO  com.airasia.pages.FlightSelectionPage  - Return flight results are loaded
[main] INFO  com.airasia.pages.LoginPage  - Entered Email ID
[main] INFO  com.airasia.pages.LoginPage  - Entered Password
[main] INFO  com.airasia.pages.LandingPage  - Account Name Verified as Signin
[main] INFO  com.airasia.pages.LandingPage  - Logout is successful - Test Passed
[main] INFO  com.airasia.pages.LoginPage  - Entered Email ID
[main] INFO  com.airasia.pages.LoginPage  - Entered Password
[main] INFO  com.airasia.pages.LandingPage  - Selected From city as Kuala Lumpur
[main] INFO  com.airasia.pages.LandingPage  - Selected To city as Chennai
[main] INFO  com.airasia.pages.LandingPage  - Selected Depart date date as 19/07/2020
[main] INFO  com.airasia.pages.LandingPage  - Selected Return date date as 22/07/2020
[main] INFO  com.airasia.pages.LandingPage  - Searching flights...
[main] INFO  com.airasia.pages.FlightSelectionPage  - Depart flight results are loaded
[main] INFO  com.airasia.pages.FlightSelectionPage  - Return flight results are loaded
[main] INFO  com.airasia.pages.LoginPage  - Entered Email ID
[main] INFO  com.airasia.pages.LoginPage  - Entered Password
[main] INFO  com.airasia.pages.LandingPage  - Account Name Verified as Signin
[main] INFO  com.airasia.pages.LandingPage  - Logout is successful - Test Passed
[main] INFO  com.airasia.pages.LandingPage  - Selected From city as Kuala Lumpur
[main] INFO  com.airasia.pages.LandingPage  - Selected To city as Chennai
[main] INFO  com.airasia.pages.LandingPage  - Selected Depart date date as 19/07/2020
[main] INFO  com.airasia.pages.LandingPage  - Selected Return date date as 22/07/2020
[main] INFO  com.airasia.pages.LandingPage  - Searching flights...
[main] INFO  com.airasia.pages.FlightSelectionPage  - Depart flight results are loaded
[main] INFO  com.airasia.pages.FlightSelectionPage  - Return flight results are loaded
[main] INFO  com.airasia.pages.LoginPage  - Entered Email ID
[main] INFO  com.airasia.pages.LoginPage  - Entered Password
[main] INFO  com.airasia.pages.LoginPage  - Entered Email ID
[main] INFO  com.airasia.pages.LoginPage  - Entered Password
[main] INFO  com.airasia.pages.LoginPage  - Entered Email ID
[main] INFO  com.airasia.pages.LoginPage  - Entered Password
[main] INFO  com.airasia.pages.LandingPage  - Selected From city as Kuala Lumpur
[main] INFO  com.airasia.pages.LandingPage  - Selected To city as Chennai
[main] INFO  com.airasia.pages.LandingPage  - Selected Depart date date as 19/07/2020
[main] INFO  com.airasia.pages.LandingPage  - Selected Return date date as 22/07/2020
[main] INFO  com.airasia.pages.LandingPage  - Selected From city as Kuala Lumpur
[main] INFO  com.airasia.pages.LandingPage  - Selected To city as Chennai
[main] INFO  com.airasia.pages.LandingPage  - Selected Depart date date as 19/07/2020
[main] INFO  com.airasia.pages.LandingPage  - Selected Return date date as 22/07/2020
[main] INFO  com.airasia.pages.LandingPage  - Selected From city as Kuala Lumpur
[main] INFO  com.airasia.pages.LandingPage  - Selected To city as Chennai
[main] INFO  com.airasia.pages.LandingPage  - Selected Depart date date as 19/07/2020
[main] INFO  com.airasia.pages.LandingPage  - Selected Return date date as 22/07/2020
[main] INFO  com.airasia.pages.LandingPage  - Selected From city as Kuala Lumpur
[main] INFO  com.airasia.pages.LandingPage  - Selected To city as Chennai
[main] INFO  com.airasia.pages.LandingPage  - Selected Depart date date as 19/07/2020
[main] INFO  com.airasia.pages.LandingPage  - Selected Return date date as 22/07/2020
[main] INFO  com.airasia.pages.LandingPage  - Selected From city as Kuala Lumpur
[main] INFO  com.airasia.pages.LandingPage  - Selected To city as Chennai
[main] INFO  com.airasia.pages.LandingPage  - Selected Depart date date as 19/07/2020
[main] INFO  com.airasia.pages.LandingPage  - Selected Return date date as 22/07/2020
[main] INFO  com.airasia.pages.LandingPage  - Selected From city as Kuala Lumpur
[main] INFO  com.airasia.pages.LandingPage  - Selected To city as Chennai
[main] INFO  com.airasia.pages.LandingPage  - Selected Depart date date as 19/07/2020
[main] INFO  com.airasia.pages.LandingPage  - Selected Return date date as 22/07/2020
[main] INFO  com.airasia.pages.LandingPage  - Selected From city as Kuala Lumpur
[main] INFO  com.airasia.pages.LandingPage  - Selected To city as Chennai
[main] INFO  com.airasia.pages.LandingPage  - Selected Depart date date as 19/07/2020
[main] INFO  com.airasia.pages.LandingPage  - Selected Return date date as 22/07/2020
[main] INFO  com.airasia.pages.LandingPage  - Selected From city as Kuala Lumpur
[main] INFO  com.airasia.pages.LandingPage  - Selected To city as Chennai
[main] INFO  com.airasia.pages.LandingPage  - Selected Depart date date as 19/07/2020
[main] INFO  com.airasia.pages.LandingPage  - Selected Return date date as 22/07/2020
[main] INFO  com.airasia.pages.LandingPage  - Selected From city as Kuala Lumpur
[main] INFO  com.airasia.pages.LandingPage  - Selected To city as Chennai
[main] INFO  com.airasia.pages.LandingPage  - Selected Depart date date as 19/07/2020
[main] INFO  com.airasia.pages.LandingPage  - Selected Return date date as 22/07/2020
[main] INFO  com.airasia.pages.LandingPage  - Searching flights...
[main] INFO  com.airasia.pages.FlightSelectionPage  - Depart flight results are loaded
[main] INFO  com.airasia.pages.FlightSelectionPage  - Return flight results are loaded
[main] INFO  com.airasia.pages.LoginPage  - Entered Email ID
[main] INFO  com.airasia.pages.LoginPage  - Entered Password
[main] INFO  com.airasia.pages.LandingPage  - Account Name Verified as Signin
[main] INFO  com.airasia.pages.LandingPage  - Logout is successful - Test Passed
[main] INFO  com.airasia.pages.LandingPage  - Selected From city as Kuala Lumpur
[main] INFO  com.airasia.pages.LandingPage  - Selected To city as Chennai
[main] INFO  com.airasia.pages.LandingPage  - Selected Depart date date as 19/07/2020
[main] INFO  com.airasia.pages.LandingPage  - Selected Return date date as 22/07/2020
[main] INFO  com.airasia.pages.LandingPage  - Selected From city as Kuala Lumpur
[main] INFO  com.airasia.pages.LandingPage  - Selected To city as Chennai
[main] INFO  com.airasia.pages.LandingPage  - Selected Depart date date as 19/07/2020
[main] INFO  com.airasia.pages.LandingPage  - Selected Return date date as 22/07/2020
[main] INFO  com.airasia.pages.LandingPage  - Searching flights...
[main] INFO  com.airasia.pages.FlightSelectionPage  - Depart flight results are loaded
[main] INFO  com.airasia.pages.FlightSelectionPage  - Return flight results are loaded
[main] INFO  com.airasia.pages.LoginPage  - Entered Email ID
[main] INFO  com.airasia.pages.LoginPage  - Entered Password
[main] INFO  com.airasia.pages.LandingPage  - Account Name Verified as Signin
[main] INFO  com.airasia.pages.LandingPage  - Logout is successful - Test Passed
